[17:17:13] [ServerMain/INFO]: [bootstrap] Running Java 21 (OpenJDK 64-Bit Server VM 21.0.8+9-Ubuntu-0ubuntu124.04.1; Ubuntu null) on Linux 6.8.0-1030-azure (amd64)
[17:17:13] [ServerMain/INFO]: [bootstrap] Loading Paper 1.21.8-6-main@782ce95 (2025-07-18T20:26:58Z) for Minecraft 1.21.8
[17:17:13] [ServerMain/INFO]: [PluginInitializerManager] Initializing plugins...
[17:17:14] [ServerMain/INFO]: [PluginInitializerManager] Initialized 3 plugins
[17:17:14] [ServerMain/INFO]: [PluginInitializerManager] Bukkit plugins (3):
 - LoginSecurity (3.3.0), ViaBackwards (5.4.3-SNAPSHOT), ViaVersion (5.5.0-SNAPSHOT)
[17:17:20] [ServerMain/INFO]: Environment: Environment[sessionHost=https://sessionserver.mojang.com, servicesHost=https://api.minecraftservices.com, name=PROD]
[17:17:23] [ServerMain/INFO]: Loaded 1407 recipes
[17:17:23] [ServerMain/INFO]: Loaded 1520 advancements
[17:17:23] [ServerMain/INFO]: [ca.spottedleaf.dataconverter.minecraft.datatypes.MCTypeRegistry] Initialising converters for DataConverter...
[17:17:23] [ServerMain/INFO]: [ca.spottedleaf.dataconverter.minecraft.datatypes.MCTypeRegistry] Finished initialising converters for DataConverter in 430.9ms
[17:17:23] [Server thread/INFO]: Starting minecraft server version 1.21.8
[17:17:23] [Server thread/INFO]: Loading properties
[17:17:23] [Server thread/INFO]: This server is running Paper version 1.21.8-6-main@782ce95 (2025-07-18T20:26:58Z) (Implementing API version 1.21.8-R0.1-SNAPSHOT)
[17:17:23] [Server thread/INFO]: [spark] This server bundles the spark profiler. For more information please visit https://docs.papermc.io/paper/profiling
[17:17:24] [Server thread/INFO]: Server Ping Player Sample Count: 12
[17:17:24] [Server thread/INFO]: Using 4 threads for Netty based IO
[17:17:24] [Server thread/INFO]: [MoonriseCommon] Paper is using 1 worker threads, 1 I/O threads
[17:17:24] [Server thread/INFO]: [ChunkTaskScheduler] Chunk system is using population gen parallelism: true
[17:17:25] [Server thread/INFO]: Default game type: SURVIVAL
[17:17:25] [Server thread/INFO]: Generating keypair
[17:17:25] [Server thread/INFO]: Starting Minecraft server on *:25565
[17:17:25] [Server thread/INFO]: Using epoll channel type
[17:17:25] [Server thread/INFO]: Paper: Using libdeflate (Linux x86_64) compression from Velocity.
[17:17:25] [Server thread/INFO]: Paper: Using OpenSSL 3.x.x (Linux x86_64) cipher from Velocity.
[17:17:25] [Server thread/INFO]: [ViaVersion] Loading server plugin ViaVersion v5.5.0-SNAPSHOT
[17:17:25] [Server thread/INFO]: [ViaVersion] ViaVersion 5.5.0-SNAPSHOT is now loaded. Registering protocol transformers and injecting...
[17:17:26] [Via-Mappingloader-0/INFO]: [ViaVersion] Loading block connection mappings ...
[17:17:26] [Via-Mappingloader-0/INFO]: [ViaVersion] Using FastUtil Long2ObjectOpenHashMap for block connections
[17:17:26] [Server thread/INFO]: [ViaBackwards] Loading translations...
[17:17:26] [Server thread/INFO]: [ViaBackwards] Registering protocols...
[17:17:27] [Server thread/INFO]: [ViaBackwards] Loading server plugin ViaBackwards v5.4.3-SNAPSHOT
[17:17:27] [Server thread/INFO]: [LoginSecurity] Loading server plugin LoginSecurity v3.3.0
[17:17:27] [Server thread/INFO]: Server permissions file permissions.yml is empty, ignoring it
[17:17:27] [Server thread/WARN]: **** SERVER IS RUNNING IN OFFLINE/INSECURE MODE!
[17:17:27] [Server thread/WARN]: The server will make no attempt to authenticate usernames. Beware.
[17:17:27] [Server thread/WARN]: While this makes the game possible to play without internet access, it also opens up the ability for hackers to connect with any username they choose.
[17:17:27] [Server thread/WARN]: To change this, set "online-mode" to "true" in the server.properties file.
[17:17:27] [Server thread/INFO]: Preparing level "world"
[17:17:27] [Server thread/INFO]: Preparing start region for dimension minecraft:overworld
[17:17:28] [Server thread/INFO]: Preparing spawn area: 0%
[17:17:28] [Server thread/INFO]: Preparing spawn area: 0%
[17:17:28] [Server thread/INFO]: Time elapsed: 926 ms
[17:17:28] [Server thread/INFO]: Preparing start region for dimension minecraft:the_nether
[17:17:29] [Server thread/INFO]: Preparing spawn area: 0%
[17:17:29] [Server thread/INFO]: Preparing spawn area: 42%
[17:17:29] [Server thread/INFO]: Time elapsed: 674 ms
[17:17:29] [Server thread/INFO]: Preparing start region for dimension minecraft:the_end
[17:17:29] [Server thread/INFO]: Preparing spawn area: 0%
[17:17:29] [Server thread/INFO]: Time elapsed: 296 ms
[17:17:29] [Server thread/INFO]: [ViaVersion] Enabling ViaVersion v5.5.0-SNAPSHOT
[17:17:29] [Server thread/INFO]: [ViaVersion] ViaVersion detected server version: 1.21.7-1.21.8 (772)
[17:17:29] [Server thread/INFO]: [ViaBackwards] Enabling ViaBackwards v5.4.3-SNAPSHOT
[17:17:30] [Server thread/INFO]: [LoginSecurity] Enabling LoginSecurity v3.3.0
[17:17:30] [Server thread/INFO]: [LoginSecurity] Loading base translations from "en_us"
[17:17:30] [Server thread/INFO]: [LoginSecurity] Loading specified translations from "en_us"
[17:17:30] [Server thread/INFO]: [LoginSecurity] Registering commands...
[17:17:30] [Server thread/INFO]: [LoginSecurity] Registering listeners...
[17:17:30] [Server thread/INFO]: [LoginSecurity] Using 1.12+ map captcha renderer
[17:17:30] [Server thread/INFO]: [spark] Starting background profiler...
[17:17:31] [Server thread/INFO]: Done preparing level "world" (4.245s)
[17:17:31] [Server thread/INFO]: Running delayed init tasks
[17:17:31] [Server thread/INFO]: Done (20.565s)! For help, type "help"
[17:17:31] [Craft Scheduler Thread - 2 - ViaVersion/INFO]: [ViaVersion] Finished mapping loading, shutting down loader executor.
[17:17:31] [Server thread/INFO]: [ViaVersion] You are running a development version of the plugin, please report any bugs to GitHub.
